<?xml version="1.0" encoding="UTF-8"?>
<testng-results ignored="0" total="1" passed="1" failed="0" skipped="0">
  <reporter-output>
  </reporter-output>
  <suite started-at="2024-04-07T14:17:19 IST" name="Default suite" finished-at="2024-04-07T14:17:43 IST" duration-ms="23413">
    <groups>
    </groups>
    <test started-at="2024-04-07T14:17:19 IST" name="Default test" finished-at="2024-04-07T14:17:43 IST" duration-ms="23413">
      <class name="rahulsethy.Radiobtn">
        <test-method signature="M2()[pri:0, instance:rahulsethy.Radiobtn@67f639d3]" started-at="2024-04-07T14:17:19 IST" name="M2" finished-at="2024-04-07T14:17:43 IST" duration-ms="23323" status="PASS">
          <reporter-output>
          </reporter-output>
        </test-method> <!-- M2 -->
      </class> <!-- rahulsethy.Radiobtn -->
    </test> <!-- Default test -->
  </suite> <!-- Default suite -->
</testng-results>
